This is pdfTeX, Version 3.14159265-2.6-1.40.20 (MiKTeX 2.9.7000 64-bit) (preloaded format=pdflatex 2019.4.19)  2 JUN 2019 12:44
entering extended mode
**D:/Yogesh/Projects/Writing/Publications/Main_BookSummary_Shivaji_NarharKurund
kar.tex

(D:/Yogesh/Projects/Writing/Publications/Main_BookSummary_Shivaji_NarharKurundk
ar.tex
LaTeX2e <2018-12-01>

(D:/Yogesh/Projects/Writing/Publications\template_cheatsheet_marathi_3columns.t
ex
("C:\Users\kulkarni\AppData\Local\Programs\MiKTeX 2.9\tex/latex/base\article.cl
s"
Document Class: article 2018/09/03 v1.4i Standard LaTeX document class
("C:\Users\kulkarni\AppData\Local\Programs\MiKTeX 2.9\tex/latex/base\size10.clo
"
File: size10.clo 2018/09/03 v1.4i Standard LaTeX file (size option)
)
\c@part=\count80
\c@section=\count81
\c@subsection=\count82
\c@subsubsection=\count83
\c@paragraph=\count84
\c@subparagraph=\count85
\c@figure=\count86
\c@table=\count87
\abovecaptionskip=\skip41
\belowcaptionskip=\skip42
\bibindent=\dimen102
)
("C:\Users\kulkarni\AppData\Local\Programs\MiKTeX 2.9\tex/latex/tools\multicol.
sty"
Package: multicol 2018/12/27 v1.8v multicolumn formatting (FMi)
\c@tracingmulticols=\count88
\mult@box=\box27
\multicol@leftmargin=\dimen103
\c@unbalance=\count89
\c@collectmore=\count90
\doublecol@number=\count91
\multicoltolerance=\count92
\multicolpretolerance=\count93
\full@width=\dimen104
\page@free=\dimen105
\premulticols=\dimen106
\postmulticols=\dimen107
\multicolsep=\skip43
\multicolbaselineskip=\skip44
\partial@page=\box28
\last@line=\box29
\maxbalancingoverflow=\dimen108
\mult@rightbox=\box30
\mult@grightbox=\box31
\mult@gfirstbox=\box32
\mult@firstbox=\box33
\@tempa=\box34
\@tempa=\box35
\@tempa=\box36
\@tempa=\box37
\@tempa=\box38
\@tempa=\box39
\@tempa=\box40
\@tempa=\box41
\@tempa=\box42
\@tempa=\box43
\@tempa=\box44
\@tempa=\box45
\@tempa=\box46
\@tempa=\box47
\@tempa=\box48
\@tempa=\box49
\@tempa=\box50
\c@columnbadness=\count94
\c@finalcolumnbadness=\count95
\last@try=\dimen109
\multicolovershoot=\dimen110
\multicolundershoot=\dimen111
\mult@nat@firstbox=\box51
\colbreak@box=\box52
\mc@col@check@num=\count96
)
("C:\Users\kulkarni\AppData\Local\Programs\MiKTeX 2.9\tex/latex/booktabs\bookta
bs.sty"
Package: booktabs 2005/04/14 v1.61803 publication quality tables
\heavyrulewidth=\dimen112
\lightrulewidth=\dimen113
\cmidrulewidth=\dimen114
\belowrulesep=\dimen115
\belowbottomsep=\dimen116
\aboverulesep=\dimen117
\abovetopsep=\dimen118
\cmidrulesep=\dimen119
\cmidrulekern=\dimen120
\defaultaddspace=\dimen121
\@cmidla=\count97
\@cmidlb=\count98
\@aboverulesep=\dimen122
\@belowrulesep=\dimen123
\@thisruleclass=\count99
\@lastruleclass=\count100
\@thisrulewidth=\dimen124
)
("C:\Users\kulkarni\AppData\Local\Programs\MiKTeX 2.9\tex/latex/tools\calc.sty"
Package: calc 2017/05/25 v4.3 Infix arithmetic (KKT,FJ)
\calc@Acount=\count101
\calc@Bcount=\count102
\calc@Adimen=\dimen125
\calc@Bdimen=\dimen126
\calc@Askip=\skip45
\calc@Bskip=\skip46
LaTeX Info: Redefining \setlength on input line 80.
LaTeX Info: Redefining \addtolength on input line 81.
\calc@Ccount=\count103
\calc@Cskip=\skip47
)
("C:\Users\kulkarni\AppData\Local\Programs\MiKTeX 2.9\tex/latex/base\ifthen.sty
"
Package: ifthen 2014/09/29 v1.1c Standard LaTeX ifthen package (DPC)
)
("C:\Users\kulkarni\AppData\Local\Programs\MiKTeX 2.9\tex/latex/geometry\geomet
ry.sty"
Package: geometry 2018/04/16 v5.8 Page Geometry

("C:\Users\kulkarni\AppData\Local\Programs\MiKTeX 2.9\tex/latex/graphics\keyval
.sty"
Package: keyval 2014/10/28 v1.15 key=value parser (DPC)
\KV@toks@=\toks14
)
("C:\Users\kulkarni\AppData\Local\Programs\MiKTeX 2.9\tex/generic/oberdiek\ifpd
f.sty"
Package: ifpdf 2018/09/07 v3.3 Provides the ifpdf switch
)
("C:\Users\kulkarni\AppData\Local\Programs\MiKTeX 2.9\tex/generic/oberdiek\ifvt
ex.sty"
Package: ifvtex 2016/05/16 v1.6 Detect VTeX and its facilities (HO)
Package ifvtex Info: VTeX not detected.
)
("C:\Users\kulkarni\AppData\Local\Programs\MiKTeX 2.9\tex/generic/ifxetex\ifxet
ex.sty"
Package: ifxetex 2010/09/12 v0.6 Provides ifxetex conditional
)
\Gm@cnth=\count104
\Gm@cntv=\count105
\c@Gm@tempcnt=\count106
\Gm@bindingoffset=\dimen127
\Gm@wd@mp=\dimen128
\Gm@odd@mp=\dimen129
\Gm@even@mp=\dimen130
\Gm@layoutwidth=\dimen131
\Gm@layoutheight=\dimen132
\Gm@layouthoffset=\dimen133
\Gm@layoutvoffset=\dimen134
\Gm@dimlist=\toks15

("C:\Users\kulkarni\AppData\Local\Programs\MiKTeX 2.9\tex/latex/geometry\geomet
ry.cfg"))
("C:\Users\kulkarni\AppData\Local\Programs\MiKTeX 2.9\tex/latex/hyperref\hyperr
ef.sty"
Package: hyperref 2018/11/30 v6.88e Hypertext links for LaTeX

("C:\Users\kulkarni\AppData\Local\Programs\MiKTeX 2.9\tex/generic/oberdiek\hobs
ub-hyperref.sty"
Package: hobsub-hyperref 2016/05/16 v1.14 Bundle oberdiek, subset hyperref (HO)


("C:\Users\kulkarni\AppData\Local\Programs\MiKTeX 2.9\tex/generic/oberdiek\hobs
ub-generic.sty"
Package: hobsub-generic 2016/05/16 v1.14 Bundle oberdiek, subset generic (HO)
Package: hobsub 2016/05/16 v1.14 Construct package bundles (HO)
Package: infwarerr 2016/05/16 v1.4 Providing info/warning/error messages (HO)
Package: ltxcmds 2016/05/16 v1.23 LaTeX kernel commands for general use (HO)
Package: ifluatex 2016/05/16 v1.4 Provides the ifluatex switch (HO)
Package ifluatex Info: LuaTeX not detected.
Package hobsub Info: Skipping package `ifvtex' (already loaded).
Package: intcalc 2016/05/16 v1.2 Expandable calculations with integers (HO)
Package hobsub Info: Skipping package `ifpdf' (already loaded).
Package: etexcmds 2016/05/16 v1.6 Avoid name clashes with e-TeX commands (HO)
Package: kvsetkeys 2016/05/16 v1.17 Key value parser (HO)
Package: kvdefinekeys 2016/05/16 v1.4 Define keys (HO)
Package: pdftexcmds 2018/09/10 v0.29 Utility functions of pdfTeX for LuaTeX (HO
)
Package pdftexcmds Info: LuaTeX not detected.
Package pdftexcmds Info: \pdf@primitive is available.
Package pdftexcmds Info: \pdf@ifprimitive is available.
Package pdftexcmds Info: \pdfdraftmode found.
Package: pdfescape 2016/05/16 v1.14 Implements pdfTeX's escape features (HO)
Package: bigintcalc 2016/05/16 v1.4 Expandable calculations on big integers (HO
)
Package: bitset 2016/05/16 v1.2 Handle bit-vector datatype (HO)
Package: uniquecounter 2016/05/16 v1.3 Provide unlimited unique counter (HO)
)
Package hobsub Info: Skipping package `hobsub' (already loaded).
Package: letltxmacro 2016/05/16 v1.5 Let assignment for LaTeX macros (HO)
Package: hopatch 2016/05/16 v1.3 Wrapper for package hooks (HO)
Package: xcolor-patch 2016/05/16 xcolor patch
Package: atveryend 2016/05/16 v1.9 Hooks at the very end of document (HO)
Package atveryend Info: \enddocument detected (standard20110627).
Package: atbegshi 2016/06/09 v1.18 At begin shipout hook (HO)
Package: refcount 2016/05/16 v3.5 Data extraction from label references (HO)
Package: hycolor 2016/05/16 v1.8 Color options for hyperref/bookmark (HO)
)
("C:\Users\kulkarni\AppData\Local\Programs\MiKTeX 2.9\tex/latex/oberdiek\auxhoo
k.sty"
Package: auxhook 2016/05/16 v1.4 Hooks for auxiliary files (HO)
)
("C:\Users\kulkarni\AppData\Local\Programs\MiKTeX 2.9\tex/latex/oberdiek\kvopti
ons.sty"
Package: kvoptions 2016/05/16 v3.12 Key value format for package options (HO)
)
\@linkdim=\dimen135
\Hy@linkcounter=\count107
\Hy@pagecounter=\count108

("C:\Users\kulkarni\AppData\Local\Programs\MiKTeX 2.9\tex/latex/hyperref\pd1enc
.def"
File: pd1enc.def 2018/11/30 v6.88e Hyperref: PDFDocEncoding definition (HO)
Now handling font encoding PD1 ...
... no UTF-8 mapping file for font encoding PD1
)
\Hy@SavedSpaceFactor=\count109

("C:\Users\kulkarni\AppData\Local\Programs\MiKTeX 2.9\tex/latex/00miktex\hyperr
ef.cfg"
File: hyperref.cfg 2002/06/06 v1.2 hyperref configuration of TeXLive
)
Package hyperref Info: Hyper figures OFF on input line 4519.
Package hyperref Info: Link nesting OFF on input line 4524.
Package hyperref Info: Hyper index ON on input line 4527.
Package hyperref Info: Plain pages OFF on input line 4534.
Package hyperref Info: Backreferencing OFF on input line 4539.
Package hyperref Info: Implicit mode ON; LaTeX internals redefined.
Package hyperref Info: Bookmarks ON on input line 4772.
\c@Hy@tempcnt=\count110

("C:\Users\kulkarni\AppData\Local\Programs\MiKTeX 2.9\tex/latex/url\url.sty"
\Urlmuskip=\muskip10
Package: url 2013/09/16  ver 3.4  Verb mode for urls, etc.
)
LaTeX Info: Redefining \url on input line 5125.
\XeTeXLinkMargin=\dimen136
\Fld@menulength=\count111
\Field@Width=\dimen137
\Fld@charsize=\dimen138
Package hyperref Info: Hyper figures OFF on input line 6380.
Package hyperref Info: Link nesting OFF on input line 6385.
Package hyperref Info: Hyper index ON on input line 6388.
Package hyperref Info: backreferencing OFF on input line 6395.
Package hyperref Info: Link coloring OFF on input line 6400.
Package hyperref Info: Link coloring with OCG OFF on input line 6405.
Package hyperref Info: PDF/A mode OFF on input line 6410.
LaTeX Info: Redefining \ref on input line 6450.
LaTeX Info: Redefining \pageref on input line 6454.
\Hy@abspage=\count112
\c@Item=\count113
\c@Hfootnote=\count114
)
Package hyperref Info: Driver (autodetected): hpdftex.

("C:\Users\kulkarni\AppData\Local\Programs\MiKTeX 2.9\tex/latex/hyperref\hpdfte
x.def"
File: hpdftex.def 2018/11/30 v6.88e Hyperref driver for pdfTeX
\Fld@listcount=\count115
\c@bookmark@seq@number=\count116

("C:\Users\kulkarni\AppData\Local\Programs\MiKTeX 2.9\tex/latex/oberdiek\rerunf
ilecheck.sty"
Package: rerunfilecheck 2016/05/16 v1.8 Rerun checks for auxiliary files (HO)
Package uniquecounter Info: New unique counter `rerunfilecheck' on input line 2
82.
)
\Hy@SectionHShift=\skip48
)
("C:\Users\kulkarni\AppData\Local\Programs\MiKTeX 2.9\tex/latex/enumitem\enumit
em.sty"
Package: enumitem 2019/02/04 v3.8 Customized lists
\labelindent=\skip49
\enit@outerparindent=\dimen139
\enit@toks=\toks16
\enit@inbox=\box53
\enit@count@id=\count117
\enitdp@description=\count118
)
("C:\Users\kulkarni\AppData\Local\Programs\MiKTeX 2.9\tex/latex/base\textcomp.s
ty"
Package: textcomp 2018/08/11 v2.0j Standard LaTeX package
Package textcomp Info: Sub-encoding information:
(textcomp)               5 = only ISO-Adobe without \textcurrency
(textcomp)               4 = 5 + \texteuro
(textcomp)               3 = 4 + \textohm
(textcomp)               2 = 3 + \textestimated + \textcurrency
(textcomp)               1 = TS1 - \textcircled - \t
(textcomp)               0 = TS1 (full)
(textcomp)             Font families with sub-encoding setting implement
(textcomp)             only a restricted character set as indicated.
(textcomp)             Family '?' is the default used for unknown fonts.
(textcomp)             See the documentation for details.
Package textcomp Info: Setting ? sub-encoding to TS1/1 on input line 79.

("C:\Users\kulkarni\AppData\Local\Programs\MiKTeX 2.9\tex/latex/base\ts1enc.def
"
File: ts1enc.def 2001/06/05 v3.0e (jk/car/fm) Standard LaTeX file
Now handling font encoding TS1 ...
... processing UTF-8 mapping file for font encoding TS1

("C:\Users\kulkarni\AppData\Local\Programs\MiKTeX 2.9\tex/latex/base\ts1enc.dfu
"
File: ts1enc.dfu 2018/10/05 v1.2f UTF-8 support for inputenc
   defining Unicode char U+00A2 (decimal 162)
   defining Unicode char U+00A3 (decimal 163)
   defining Unicode char U+00A4 (decimal 164)
   defining Unicode char U+00A5 (decimal 165)
   defining Unicode char U+00A6 (decimal 166)
   defining Unicode char U+00A7 (decimal 167)
   defining Unicode char U+00A8 (decimal 168)
   defining Unicode char U+00A9 (decimal 169)
   defining Unicode char U+00AA (decimal 170)
   defining Unicode char U+00AC (decimal 172)
   defining Unicode char U+00AE (decimal 174)
   defining Unicode char U+00AF (decimal 175)
   defining Unicode char U+00B0 (decimal 176)
   defining Unicode char U+00B1 (decimal 177)
   defining Unicode char U+00B2 (decimal 178)
   defining Unicode char U+00B3 (decimal 179)
   defining Unicode char U+00B4 (decimal 180)
   defining Unicode char U+00B5 (decimal 181)
   defining Unicode char U+00B6 (decimal 182)
   defining Unicode char U+00B7 (decimal 183)
   defining Unicode char U+00B9 (decimal 185)
   defining Unicode char U+00BA (decimal 186)
   defining Unicode char U+00BC (decimal 188)
   defining Unicode char U+00BD (decimal 189)
   defining Unicode char U+00BE (decimal 190)
   defining Unicode char U+00D7 (decimal 215)
   defining Unicode char U+00F7 (decimal 247)
   defining Unicode char U+0192 (decimal 402)
   defining Unicode char U+02C7 (decimal 711)
   defining Unicode char U+02D8 (decimal 728)
   defining Unicode char U+02DD (decimal 733)
   defining Unicode char U+0E3F (decimal 3647)
   defining Unicode char U+2016 (decimal 8214)
   defining Unicode char U+2020 (decimal 8224)
   defining Unicode char U+2021 (decimal 8225)
   defining Unicode char U+2022 (decimal 8226)
   defining Unicode char U+2030 (decimal 8240)
   defining Unicode char U+2031 (decimal 8241)
   defining Unicode char U+203B (decimal 8251)
   defining Unicode char U+203D (decimal 8253)
   defining Unicode char U+2044 (decimal 8260)
   defining Unicode char U+204E (decimal 8270)
   defining Unicode char U+2052 (decimal 8274)
   defining Unicode char U+20A1 (decimal 8353)
   defining Unicode char U+20A4 (decimal 8356)
   defining Unicode char U+20A6 (decimal 8358)
   defining Unicode char U+20A9 (decimal 8361)
   defining Unicode char U+20AB (decimal 8363)
   defining Unicode char U+20AC (decimal 8364)
   defining Unicode char U+20B1 (decimal 8369)
   defining Unicode char U+2103 (decimal 8451)
   defining Unicode char U+2116 (decimal 8470)
   defining Unicode char U+2117 (decimal 8471)
   defining Unicode char U+211E (decimal 8478)
   defining Unicode char U+2120 (decimal 8480)
   defining Unicode char U+2122 (decimal 8482)
   defining Unicode char U+2126 (decimal 8486)
   defining Unicode char U+2127 (decimal 8487)
   defining Unicode char U+212E (decimal 8494)
   defining Unicode char U+2190 (decimal 8592)
   defining Unicode char U+2191 (decimal 8593)
   defining Unicode char U+2192 (decimal 8594)
   defining Unicode char U+2193 (decimal 8595)
   defining Unicode char U+2329 (decimal 9001)
   defining Unicode char U+232A (decimal 9002)
   defining Unicode char U+2422 (decimal 9250)
   defining Unicode char U+25E6 (decimal 9702)
   defining Unicode char U+25EF (decimal 9711)
   defining Unicode char U+266A (decimal 9834)
   defining Unicode char U+FEFF (decimal 65279)
))
LaTeX Info: Redefining \oldstylenums on input line 334.
Package textcomp Info: Setting cmr sub-encoding to TS1/0 on input line 349.
Package textcomp Info: Setting cmss sub-encoding to TS1/0 on input line 350.
Package textcomp Info: Setting cmtt sub-encoding to TS1/0 on input line 351.
Package textcomp Info: Setting cmvtt sub-encoding to TS1/0 on input line 352.
Package textcomp Info: Setting cmbr sub-encoding to TS1/0 on input line 353.
Package textcomp Info: Setting cmtl sub-encoding to TS1/0 on input line 354.
Package textcomp Info: Setting ccr sub-encoding to TS1/0 on input line 355.
Package textcomp Info: Setting ptm sub-encoding to TS1/4 on input line 356.
Package textcomp Info: Setting pcr sub-encoding to TS1/4 on input line 357.
Package textcomp Info: Setting phv sub-encoding to TS1/4 on input line 358.
Package textcomp Info: Setting ppl sub-encoding to TS1/3 on input line 359.
Package textcomp Info: Setting pag sub-encoding to TS1/4 on input line 360.
Package textcomp Info: Setting pbk sub-encoding to TS1/4 on input line 361.
Package textcomp Info: Setting pnc sub-encoding to TS1/4 on input line 362.
Package textcomp Info: Setting pzc sub-encoding to TS1/4 on input line 363.
Package textcomp Info: Setting bch sub-encoding to TS1/4 on input line 364.
Package textcomp Info: Setting put sub-encoding to TS1/5 on input line 365.
Package textcomp Info: Setting uag sub-encoding to TS1/5 on input line 366.
Package textcomp Info: Setting ugq sub-encoding to TS1/5 on input line 367.
Package textcomp Info: Setting ul8 sub-encoding to TS1/4 on input line 368.
Package textcomp Info: Setting ul9 sub-encoding to TS1/4 on input line 369.
Package textcomp Info: Setting augie sub-encoding to TS1/5 on input line 370.
Package textcomp Info: Setting dayrom sub-encoding to TS1/3 on input line 371.
Package textcomp Info: Setting dayroms sub-encoding to TS1/3 on input line 372.

Package textcomp Info: Setting pxr sub-encoding to TS1/0 on input line 373.
Package textcomp Info: Setting pxss sub-encoding to TS1/0 on input line 374.
Package textcomp Info: Setting pxtt sub-encoding to TS1/0 on input line 375.
Package textcomp Info: Setting txr sub-encoding to TS1/0 on input line 376.
Package textcomp Info: Setting txss sub-encoding to TS1/0 on input line 377.
Package textcomp Info: Setting txtt sub-encoding to TS1/0 on input line 378.
Package textcomp Info: Setting lmr sub-encoding to TS1/0 on input line 379.
Package textcomp Info: Setting lmdh sub-encoding to TS1/0 on input line 380.
Package textcomp Info: Setting lmss sub-encoding to TS1/0 on input line 381.
Package textcomp Info: Setting lmssq sub-encoding to TS1/0 on input line 382.
Package textcomp Info: Setting lmvtt sub-encoding to TS1/0 on input line 383.
Package textcomp Info: Setting lmtt sub-encoding to TS1/0 on input line 384.
Package textcomp Info: Setting qhv sub-encoding to TS1/0 on input line 385.
Package textcomp Info: Setting qag sub-encoding to TS1/0 on input line 386.
Package textcomp Info: Setting qbk sub-encoding to TS1/0 on input line 387.
Package textcomp Info: Setting qcr sub-encoding to TS1/0 on input line 388.
Package textcomp Info: Setting qcs sub-encoding to TS1/0 on input line 389.
Package textcomp Info: Setting qpl sub-encoding to TS1/0 on input line 390.
Package textcomp Info: Setting qtm sub-encoding to TS1/0 on input line 391.
Package textcomp Info: Setting qzc sub-encoding to TS1/0 on input line 392.
Package textcomp Info: Setting qhvc sub-encoding to TS1/0 on input line 393.
Package textcomp Info: Setting futs sub-encoding to TS1/4 on input line 394.
Package textcomp Info: Setting futx sub-encoding to TS1/4 on input line 395.
Package textcomp Info: Setting futj sub-encoding to TS1/4 on input line 396.
Package textcomp Info: Setting hlh sub-encoding to TS1/3 on input line 397.
Package textcomp Info: Setting hls sub-encoding to TS1/3 on input line 398.
Package textcomp Info: Setting hlst sub-encoding to TS1/3 on input line 399.
Package textcomp Info: Setting hlct sub-encoding to TS1/5 on input line 400.
Package textcomp Info: Setting hlx sub-encoding to TS1/5 on input line 401.
Package textcomp Info: Setting hlce sub-encoding to TS1/5 on input line 402.
Package textcomp Info: Setting hlcn sub-encoding to TS1/5 on input line 403.
Package textcomp Info: Setting hlcw sub-encoding to TS1/5 on input line 404.
Package textcomp Info: Setting hlcf sub-encoding to TS1/5 on input line 405.
Package textcomp Info: Setting pplx sub-encoding to TS1/3 on input line 406.
Package textcomp Info: Setting pplj sub-encoding to TS1/3 on input line 407.
Package textcomp Info: Setting ptmx sub-encoding to TS1/4 on input line 408.
Package textcomp Info: Setting ptmj sub-encoding to TS1/4 on input line 409.
)
("C:\Users\kulkarni\AppData\Local\Programs\MiKTeX 2.9\tex/latex/polyglossia\pol
yglossia.sty"
Package: polyglossia 2018/04/07 v1.43 Alternative to Babel for XeLaTeX and LuaL
aTeX

("C:\Users\kulkarni\AppData\Local\Programs\MiKTeX 2.9\tex/latex/etoolbox\etoolb
ox.sty"
Package: etoolbox 2018/08/19 v2.5f e-TeX tools for LaTeX (JAW)
\etb@tempcnta=\count119
)
("C:\Users\kulkarni\AppData\Local\Programs\MiKTeX 2.9\tex/latex/makecmds\makecm
ds.sty"
Package: makecmds 2009/09/03 v1.0a extra command making commands
)
("C:\Users\kulkarni\AppData\Local\Programs\MiKTeX 2.9\tex/latex/xkeyval\xkeyval
.sty"
Package: xkeyval 2014/12/03 v2.7a package option processing (HA)

("C:\Users\kulkarni\AppData\Local\Programs\MiKTeX 2.9\tex/generic/xkeyval\xkeyv
al.tex"
("C:\Users\kulkarni\AppData\Local\Programs\MiKTeX 2.9\tex/generic/xkeyval\xkvut
ils.tex"
\XKV@toks=\toks17
\XKV@tempa@toks=\toks18
)
\XKV@depth=\count120
File: xkeyval.tex 2014/12/03 v2.7a key=value parser (HA)
))
("C:\Users\kulkarni\AppData\Local\Programs\MiKTeX 2.9\tex/latex/fontspec\fontsp
ec.sty"
("C:\Users\kulkarni\AppData\Local\Programs\MiKTeX 2.9\tex/latex/l3packages/xpar
se\xparse.sty"
("C:\Users\kulkarni\AppData\Local\Programs\MiKTeX 2.9\tex/latex/l3kernel\expl3.
sty"
Package: expl3 2019-04-06 L3 programming layer (loader) 

("C:\Users\kulkarni\AppData\Local\Programs\MiKTeX 2.9\tex/latex/l3kernel\expl3-
code.tex"
Package: expl3 2019-04-06 L3 programming layer (code)
\c_max_int=\count121
\l_tmpa_int=\count122
\l_tmpb_int=\count123
\g_tmpa_int=\count124
\g_tmpb_int=\count125
\g__kernel_prg_map_int=\count126
\c__ior_term_ior=\count127
\c_log_iow=\count128
\l_iow_line_count_int=\count129
\l__iow_line_target_int=\count130
\l__iow_one_indent_int=\count131
\l__iow_indent_int=\count132
\c_zero_dim=\dimen140
\c_max_dim=\dimen141
\l_tmpa_dim=\dimen142
\l_tmpb_dim=\dimen143
\g_tmpa_dim=\dimen144
\g_tmpb_dim=\dimen145
\c_zero_skip=\skip50
\c_max_skip=\skip51
\l_tmpa_skip=\skip52
\l_tmpb_skip=\skip53
\g_tmpa_skip=\skip54
\g_tmpb_skip=\skip55
\c_zero_muskip=\muskip11
\c_max_muskip=\muskip12
\l_tmpa_muskip=\muskip13
\l_tmpb_muskip=\muskip14
\g_tmpa_muskip=\muskip15
\g_tmpb_muskip=\muskip16
\l_keys_choice_int=\count133
\l__intarray_loop_int=\count134
\c__intarray_sp_dim=\dimen146
\g__intarray_font_int=\count135
\c__fp_leading_shift_int=\count136
\c__fp_middle_shift_int=\count137
\c__fp_trailing_shift_int=\count138
\c__fp_big_leading_shift_int=\count139
\c__fp_big_middle_shift_int=\count140
\c__fp_big_trailing_shift_int=\count141
\c__fp_Bigg_leading_shift_int=\count142
\c__fp_Bigg_middle_shift_int=\count143
\c__fp_Bigg_trailing_shift_int=\count144
\c__kernel_randint_max_int=\count145
\g__fp_array_int=\count146
\l__fp_array_loop_int=\count147
\l__sort_length_int=\count148
\l__sort_min_int=\count149
\l__sort_top_int=\count150
\l__sort_max_int=\count151
\l__sort_true_max_int=\count152
\l__sort_block_int=\count153
\l__sort_begin_int=\count154
\l__sort_end_int=\count155
\l__sort_A_int=\count156
\l__sort_B_int=\count157
\l__sort_C_int=\count158
\l__tl_analysis_normal_int=\count159
\l__tl_analysis_index_int=\count160
\l__tl_analysis_nesting_int=\count161
\l__tl_analysis_type_int=\count162
\l__regex_internal_a_int=\count163
\l__regex_internal_b_int=\count164
\l__regex_internal_c_int=\count165
\l__regex_balance_int=\count166
\l__regex_group_level_int=\count167
\l__regex_mode_int=\count168
\c__regex_cs_in_class_mode_int=\count169
\c__regex_cs_mode_int=\count170
\l__regex_catcodes_int=\count171
\l__regex_default_catcodes_int=\count172
\c__regex_catcode_D_int=\count173
\c__regex_catcode_S_int=\count174
\c__regex_catcode_L_int=\count175
\c__regex_catcode_O_int=\count176
\c__regex_catcode_A_int=\count177
\c__regex_all_catcodes_int=\count178
\l__regex_show_lines_int=\count179
\l__regex_min_state_int=\count180
\l__regex_max_state_int=\count181
\l__regex_left_state_int=\count182
\l__regex_right_state_int=\count183
\l__regex_capturing_group_int=\count184
\l__regex_min_pos_int=\count185
\l__regex_max_pos_int=\count186
\l__regex_curr_pos_int=\count187
\l__regex_start_pos_int=\count188
\l__regex_success_pos_int=\count189
\l__regex_curr_char_int=\count190
\l__regex_curr_catcode_int=\count191
\l__regex_last_char_int=\count192
\l__regex_case_changed_char_int=\count193
\l__regex_curr_state_int=\count194
\l__regex_step_int=\count195
\l__regex_min_active_int=\count196
\l__regex_max_active_int=\count197
\l__regex_replacement_csnames_int=\count198
\l__regex_match_count_int=\count199
\l__regex_min_submatch_int=\count266
\l__regex_submatch_int=\count267
\l__regex_zeroth_submatch_int=\count268
\g__regex_trace_regex_int=\count269
\c_empty_box=\box54
\l_tmpa_box=\box55
\l_tmpb_box=\box56
\g_tmpa_box=\box57
\g_tmpb_box=\box58
\l__box_top_dim=\dimen147
\l__box_bottom_dim=\dimen148
\l__box_left_dim=\dimen149
\l__box_right_dim=\dimen150
\l__box_top_new_dim=\dimen151
\l__box_bottom_new_dim=\dimen152
\l__box_left_new_dim=\dimen153
\l__box_right_new_dim=\dimen154
\l__box_internal_box=\box59
\l__coffin_internal_box=\box60
\l__coffin_internal_dim=\dimen155
\l__coffin_offset_x_dim=\dimen156
\l__coffin_offset_y_dim=\dimen157
\l__coffin_x_dim=\dimen158
\l__coffin_y_dim=\dimen159
\l__coffin_x_prime_dim=\dimen160
\l__coffin_y_prime_dim=\dimen161
\c_empty_coffin=\box61
\l__coffin_aligned_coffin=\box62
\l__coffin_aligned_internal_coffin=\box63
\l_tmpa_coffin=\box64
\l_tmpb_coffin=\box65
\g_tmpa_coffin=\box66
\g_tmpb_coffin=\box67
\l__coffin_bounding_shift_dim=\dimen162
\l__coffin_left_corner_dim=\dimen163
\l__coffin_right_corner_dim=\dimen164
\l__coffin_bottom_corner_dim=\dimen165
\l__coffin_top_corner_dim=\dimen166
\l__coffin_scaled_total_height_dim=\dimen167
\l__coffin_scaled_width_dim=\dimen168
\c__coffin_empty_coffin=\box68
\l__coffin_display_coffin=\box69
\l__coffin_display_coord_coffin=\box70
\l__coffin_display_pole_coffin=\box71
\l__coffin_display_offset_dim=\dimen169
\l__coffin_display_x_dim=\dimen170
\l__coffin_display_y_dim=\dimen171
\g__file_internal_ior=\read1
\l__seq_internal_a_int=\count270
\l__seq_internal_b_int=\count271
\c__deprecation_minus_one=\count272
)
("C:\Users\kulkarni\AppData\Local\Programs\MiKTeX 2.9\tex/latex/l3kernel\l3pdfm
ode.def"
File: l3pdfmode.def 2019-04-06 v L3 Experimental driver: PDF mode
\l__driver_color_stack_int=\count273
))
Package: xparse 2019-03-05 L3 Experimental document command parser
\l__xparse_current_arg_int=\count274
\g__xparse_grabber_int=\count275
\l__xparse_m_args_int=\count276
\l__xparse_v_nesting_int=\count277
)
Package: fontspec 2019/03/15 v2.7c Font selection for XeLaTeX and LuaLaTeX


! Fatal Package fontspec Error: The fontspec package requires either XeTeX or
(fontspec)                      LuaTeX.
(fontspec)                      
(fontspec)                      You must change your typesetting engine to,
(fontspec)                      e.g., "xelatex" or "lualatex"instead of
(fontspec)                      "latex" or "pdflatex".

For immediate help type H <return>.
 ...                                              
                                                  
l.45 \msg_fatal:nn {fontspec} {cannot-use-pdftex}
                                                 
? 
 ) ) ) ) 
Here is how much of TeX's memory you used:
 15634 strings out of 492945
 281434 string characters out of 3124920
 339524 words of memory out of 3000000
 19495 multiletter control sequences out of 15000+200000
 532338 words of font info for 24 fonts, out of 3000000 for 9000
 1141 hyphenation exceptions out of 8191
 55i,1n,67p,1061b,317s stack positions out of 5000i,500n,10000p,200000b,50000s

No pages of output.
PDF statistics:
 0 PDF objects out of 1000 (max. 8388607)
 0 named destinations out of 1000 (max. 500000)
 1 words of extra memory for PDF output out of 10000 (max. 10000000)

